<?xml version="1.0" encoding="UTF-8"?>
<!-- Generated by org.testng.reporters.JUnitXMLReporter -->
<testsuite hostname="IP-C6134807" ignored="0" name="--------------- TestCase #2 --------------------" tests="2" failures="0" timestamp="28 Aug 2019 14:21:27 GMT" time="4.153" errors="0">
  <testcase name="clickEvent" time="1.795" classname="com.abrosia.zest.testcases.TC002_EventNavigation"/>
  <testcase name="selectEventRandomly" time="1.668" classname="com.abrosia.zest.testcases.TC002_EventNavigation"/>
</testsuite> <!-- - TestCase #2 - -->
