<?xml version="1.0" encoding="UTF-8"?>
<!-- Generated by org.testng.reporters.JUnitXMLReporter -->
<testsuite hostname="IP-C6134807" ignored="0" name="----- Clicked Events menu/ Select any record randomly and get all data and print in Log/ Txt file -----" tests="2" failures="0" timestamp="28 Aug 2019 09:36:22 GMT" time="4.979" errors="0">
  <testcase name="clickEvent" time="1.858" classname="com.abrosia.zest.testcases.EventNavigation"/>
  <testcase name="selectEventRandomly" time="1.761" classname="com.abrosia.zest.testcases.EventNavigation"/>
</testsuite> <!-- - Clicked Events menu/ Select any record randomly and get all data and print in Log/ Txt file - -->
