<?xml version="1.0" encoding="UTF-8"?>
<!-- Generated by org.testng.reporters.JUnitXMLReporter -->
<testsuite hostname="IP-C6134807" ignored="2" name="--------------- TestCase #1 --------------------" tests="4" failures="0" timestamp="30 Aug 2019 14:35:47 GMT" time="109.885" errors="0">
  <testcase name="AmbrosiaLogin" time="34.68" classname="com.abrosia.zest.testcases.TC001_LaunchAmbrosia"/>
  <testcase name="LoginValidation" time="0.12" classname="com.abrosia.zest.testcases.TC001_LaunchAmbrosia"/>
  <testcase name="clickEvent" time="4.742" classname="com.abrosia.zest.testcases.TC002_EventNavigation"/>
  <testcase name="selectEventRandomly" time="6.43" classname="com.abrosia.zest.testcases.TC002_EventNavigation"/>
  <testcase name="GrabbedAllTableData" time="0.0" classname="com.abrosia.zest.testcases.TC001_LaunchAmbrosia">
    <ignored/>
  </testcase> <!-- GrabbedAllTableData -->
  <testcase name="OpenSelectedReport" time="0.0" classname="com.abrosia.zest.testcases.TC001_LaunchAmbrosia">
    <ignored/>
  </testcase> <!-- OpenSelectedReport -->
</testsuite> <!-- - TestCase #1 - -->
