<?xml version="1.0" encoding="UTF-8"?>
<!-- Generated by org.testng.reporters.JUnitXMLReporter -->
<testsuite hostname="IP-C6134807" ignored="2" name="----- Launch Browser and Login to Ambrosia Portal -----" tests="2" failures="0" timestamp="28 Aug 2019 12:57:16 GMT" time="8.608" errors="0">
  <testcase name="AmbrosiaLogin" time="5.518" classname="com.abrosia.zest.testcases.TC001_LaunchAmbrosia"/>
  <testcase name="LoginValidation" time="0.049" classname="com.abrosia.zest.testcases.TC001_LaunchAmbrosia"/>
  <testcase name="GrabbedAllTableData" time="0.0" classname="com.abrosia.zest.testcases.TC001_LaunchAmbrosia">
    <ignored/>
  </testcase> <!-- GrabbedAllTableData -->
  <testcase name="OpenSelectedReport" time="0.0" classname="com.abrosia.zest.testcases.TC001_LaunchAmbrosia">
    <ignored/>
  </testcase> <!-- OpenSelectedReport -->
</testsuite> <!-- - Launch Browser and Login to Ambrosia Portal - -->
