<?xml version="1.0" encoding="UTF-8"?>
<!-- Generated by org.testng.reporters.JUnitXMLReporter -->
<testsuite hostname="IP-C6134807" ignored="0" name="--------------- BaseTest --------------------" tests="2" failures="0" timestamp="30 Aug 2019 14:33:57 GMT" time="0.816" errors="0">
  <testcase name="passTest" time="0.014" classname="com.abrosia.zest.extent.reports.ExtentReportClass"/>
  <testcase name="skipTest" time="0.001" classname="com.abrosia.zest.extent.reports.ExtentReportClass"/>
</testsuite> <!-- - BaseTest - -->
