<?xml version="1.0" encoding="UTF-8"?>
<!-- Generated by org.testng.reporters.JUnitXMLReporter -->
<testsuite hostname="IP-C6134807" ignored="0" name="----- Click Events menu/ Select any record randomly and get all data and print in Log/ Txt file -----" tests="2" failures="0" timestamp="28 Aug 2019 12:57:21 GMT" time="5.605" errors="0">
  <testcase name="clickEvent" time="1.931" classname="com.abrosia.zest.testcases.TC002_EventNavigation"/>
  <testcase name="selectEventRandomly" time="2.023" classname="com.abrosia.zest.testcases.TC002_EventNavigation"/>
</testsuite> <!-- - Click Events menu/ Select any record randomly and get all data and print in Log/ Txt file - -->
