<?xml version="1.0" encoding="UTF-8"?>
<!-- Generated by org.testng.reporters.JUnitXMLReporter -->
<testsuite hostname="IP-C6134807" name="AmbrosiaTest #1" tests="5" failures="0" timestamp="6 Aug 2019 09:14:04 GMT" time="27.033" errors="0">
  <testcase name="GetRecordDetails" time="0.024" classname="AmbrosiaEvents.EventsNavigation"/>
  <testcase name="LoginValidation" time="5.487" classname="AmbrosiaLaunchSite.LaunchAmbrosia"/>
  <testcase name="AmbrosiaLogin" time="15.208" classname="AmbrosiaLaunchSite.LaunchAmbrosia"/>
  <testcase name="clickEvent" time="18.94" classname="AmbrosiaEvents.EventsNavigation"/>
  <testcase name="SelectEvent" time="22.0" classname="AmbrosiaEvents.EventsNavigation"/>
</testsuite> <!-- AmbrosiaTest #1 -->
