<?xml version="1.0" encoding="UTF-8"?>
<!-- Generated by org.testng.reporters.JUnitXMLReporter -->
<testsuite hostname="IP-C6134807" name="AmbrosiaTest #1" tests="4" failures="0" timestamp="1 Aug 2019 13:51:36 GMT" time="33.312" errors="0">
  <testcase name="LoginValidation" time="0.607" classname="AbrosiaReports.Zest.LaunchAmbrosia"/>
  <testcase name="AmbrosiaLogin" time="11.257" classname="AbrosiaReports.Zest.LaunchAmbrosia"/>
  <testcase name="clickEvent" time="13.684" classname="AmbrosiaEvents.ManipulateEvents"/>
  <testcase name="TakeEventsList" time="30.129" classname="AmbrosiaEvents.ManipulateEvents"/>
</testsuite> <!-- AmbrosiaTest #1 -->
