<?xml version="1.0" encoding="UTF-8"?>
<testng-results skipped="0" failed="0" total="4" passed="4">
  <reporter-output>
  </reporter-output>
  <suite name="AmbrosiaSuite" duration-ms="11348" started-at="2019-08-16T13:12:42Z" finished-at="2019-08-16T13:12:53Z">
    <groups>
    </groups>
    <test name="AmbrosiaTest #1" duration-ms="11348" started-at="2019-08-16T13:12:42Z" finished-at="2019-08-16T13:12:53Z">
      <class name="AmbrosiaLaunchSite.LaunchAmbrosia">
        <test-method status="PASS" signature="LoginValidation()[pri:0, instance:AmbrosiaLaunchSite.LaunchAmbrosia@4667ae56]" name="LoginValidation" duration-ms="2323" started-at="2019-08-16T18:42:45Z" finished-at="2019-08-16T18:42:47Z">
          <reporter-output>
          </reporter-output>
        </test-method> <!-- LoginValidation -->
        <test-method status="PASS" signature="AmbrosiaLogin()[pri:0, instance:AmbrosiaLaunchSite.LaunchAmbrosia@4667ae56]" name="AmbrosiaLogin" duration-ms="4476" started-at="2019-08-16T18:42:45Z" finished-at="2019-08-16T18:42:49Z">
          <reporter-output>
          </reporter-output>
        </test-method> <!-- AmbrosiaLogin -->
      </class> <!-- AmbrosiaLaunchSite.LaunchAmbrosia -->
      <class name="AmbrosiaEvents.EventsNavigation">
        <test-method status="PASS" signature="initlog4j()[pri:0, instance:AmbrosiaEvents.EventsNavigation@271053e1]" name="initlog4j" is-config="true" duration-ms="37" started-at="2019-08-16T18:42:42Z" finished-at="2019-08-16T18:42:42Z">
          <reporter-output>
          </reporter-output>
        </test-method> <!-- initlog4j -->
        <test-method status="PASS" signature="BrowserSelection(java.lang.String)[pri:0, instance:AmbrosiaLaunchSite.LaunchAmbrosia@4667ae56]" name="BrowserSelection" is-config="true" duration-ms="2790" started-at="2019-08-16T18:42:42Z" finished-at="2019-08-16T18:42:44Z">
          <params>
            <param index="0">
              <value>
                <![CDATA[chrome]]>
              </value>
            </param>
          </params>
          <reporter-output>
          </reporter-output>
        </test-method> <!-- BrowserSelection -->
        <test-method status="PASS" signature="clickEvent()[pri:0, instance:AmbrosiaEvents.EventsNavigation@271053e1]" name="clickEvent" duration-ms="6478" started-at="2019-08-16T18:42:45Z" finished-at="2019-08-16T18:42:51Z">
          <reporter-output>
          </reporter-output>
        </test-method> <!-- clickEvent -->
        <test-method status="PASS" signature="selectEventRandomly()[pri:0, instance:AmbrosiaEvents.EventsNavigation@271053e1]" name="selectEventRandomly" duration-ms="8295" started-at="2019-08-16T18:42:45Z" finished-at="2019-08-16T18:42:53Z">
          <reporter-output>
          </reporter-output>
        </test-method> <!-- selectEventRandomly -->
        <test-method status="PASS" signature="collectEventDetails()[pri:0, instance:AmbrosiaEvents.EventsNavigation@271053e1]" name="collectEventDetails" is-config="true" duration-ms="44" started-at="2019-08-16T18:42:53Z" finished-at="2019-08-16T18:42:53Z">
          <reporter-output>
          </reporter-output>
        </test-method> <!-- collectEventDetails -->
      </class> <!-- AmbrosiaEvents.EventsNavigation -->
    </test> <!-- AmbrosiaTest #1 -->
  </suite> <!-- AmbrosiaSuite -->
</testng-results>
