<?xml version="1.0" encoding="UTF-8"?>
<!-- Generated by org.testng.reporters.JUnitXMLReporter -->
<testsuite hostname="IP-C6134807" name="Test for Ambrosia Login with Gecko" tests="3" failures="0" timestamp="29 Jul 2019 15:24:08 GMT" time="19.982" errors="0">
  <testcase name="AmbrosiaLogin" time="6.516" classname="AbrosiaReports.Zest.ReportNavigation"/>
  <testcase name="LoginValidation" time="0.056" classname="AbrosiaReports.Zest.ReportNavigation"/>
  <testcase name="Event1" time="6.865" classname="AmbrosiaEvents.ManipulateEvents"/>
</testsuite> <!-- Test for Ambrosia Login with Gecko -->
