<?xml version="1.0" encoding="UTF-8"?>
<!-- Generated by org.testng.reporters.JUnitXMLReporter -->
<testsuite hostname="IP-C6134807" name="Test for Ambrosia Login with Chrome" tests="3" failures="0" timestamp="30 Jul 2019 12:26:11 GMT" time="15.813" errors="0">
  <testcase name="LoginValidation" time="0.654" classname="AbrosiaReports.Zest.LaunchAmbrosia"/>
  <testcase name="AmbrosiaLogin" time="6.825" classname="AbrosiaReports.Zest.LaunchAmbrosia"/>
  <testcase name="Event1" time="12.059" classname="AmbrosiaEvents.ManipulateEvents"/>
</testsuite> <!-- Test for Ambrosia Login with Chrome -->
