<?xml version="1.0" encoding="UTF-8"?>
<!-- Generated by org.testng.reporters.JUnitXMLReporter -->
<testsuite hostname="IP-C6134807" name="Test for Ambrosia Reports in Chrome" tests="3" failures="0" timestamp="14 Mar 2019 11:56:27 GMT" time="27.471" errors="0">
  <testcase name="AmbrosiaLogin" time="9.485" classname="AbrosiaReports.Zest.ReportNavigation"/>
  <testcase name="LoginValidation" time="0.014" classname="AbrosiaReports.Zest.ReportNavigation"/>
  <testcase name="GrabbedAllTableData" time="14.519" classname="AbrosiaReports.Zest.ReportNavigation"/>
</testsuite> <!-- Test for Ambrosia Reports in Chrome -->
