<?xml version="1.0" encoding="UTF-8"?>
<!-- Generated by org.testng.reporters.JUnitXMLReporter -->
<testsuite hostname="IP-C6134807" name="Test for Ambrosia Login with Gecko" tests="3" failures="0" timestamp="30 Jul 2019 10:05:20 GMT" time="16.591" errors="0">
  <testcase name="LoginValidation" time="2.413" classname="AbrosiaReports.Zest.LaunchAmbrosia"/>
  <testcase name="AmbrosiaLogin" time="6.857" classname="AbrosiaReports.Zest.LaunchAmbrosia"/>
  <testcase name="Event1" time="13.189" classname="AmbrosiaEvents.ManipulateEvents"/>
</testsuite> <!-- Test for Ambrosia Login with Gecko -->
