<?xml version="1.0" encoding="UTF-8"?>
<!-- Generated by org.testng.reporters.JUnitXMLReporter -->
<testsuite hostname="IP-C6134807" name="Test for Ambrosia Reports in Gecko" tests="3" failures="0" timestamp="14 Mar 2019 14:39:32 GMT" time="9.824" errors="0">
  <testcase name="AmbrosiaLogin" time="7.032" classname="AbrosiaReports.Zest.ReportNavigation"/>
  <testcase name="LoginValidation" time="0.013" classname="AbrosiaReports.Zest.ReportNavigation"/>
  <testcase name="OpenSelectedReport" time="0.0" classname="AbrosiaReports.Zest.ReportNavigation"/>
</testsuite> <!-- Test for Ambrosia Reports in Gecko -->
