<?xml version="1.0" encoding="UTF-8"?>
<!-- Generated by org.testng.reporters.JUnitXMLReporter -->
<testsuite hostname="IP-C6134807" name="Test for Ambrosia Reports in Gecko" tests="2" failures="0" timestamp="26 Jul 2019 14:54:38 GMT" time="9.916" errors="0">
  <testcase name="AmbrosiaLogin" time="6.36" classname="AbrosiaReports.Zest.ReportNavigation"/>
  <testcase name="LoginValidation" time="0.019" classname="AbrosiaReports.Zest.ReportNavigation"/>
</testsuite> <!-- Test for Ambrosia Reports in Gecko -->
