<?xml version="1.0" encoding="UTF-8"?>
<!-- Generated by org.testng.reporters.JUnitXMLReporter -->
<testsuite hostname="IP-C6134807" name="Test for Ambrosia Reports in Chrome" tests="3" failures="0" timestamp="14 Mar 2019 14:39:22 GMT" time="134.077" errors="0">
  <testcase name="AmbrosiaLogin" time="6.846" classname="AbrosiaReports.Zest.ReportNavigation"/>
  <testcase name="LoginValidation" time="0.057" classname="AbrosiaReports.Zest.ReportNavigation"/>
  <testcase name="OpenSelectedReport" time="124.091" classname="AbrosiaReports.Zest.ReportNavigation"/>
</testsuite> <!-- Test for Ambrosia Reports in Chrome -->
